<?xml version="1.0" encoding="UTF-8"?>
<!-- Generated by org.testng.reporters.JUnitReportReporter -->
<testsuite hostname="AdnanAashiq.local" failures="0" tests="1" name="tests.careerpage.OpenRolesOfficeLocationsVerification" time="23.855" errors="0" timestamp="24 Sept 2024 18:06:56 GMT" skipped="0">
  <testcase classname="tests.careerpage.OpenRolesOfficeLocationsVerification" name="verifyOpenRolesLocationFilter" time="23.855"/>
</testsuite> <!-- tests.careerpage.OpenRolesOfficeLocationsVerification -->
