<?xml version="1.0" encoding="UTF-8"?>
<!-- Generated by org.testng.reporters.JUnitReportReporter -->
<testsuite hostname="AdnanAashiq.local" failures="0" tests="1" name="TestCase" time="16.560" errors="0" timestamp="22 Sept 2024 12:00:18 GMT" skipped="0">
  <testcase classname="TestCase" name="verifyCitiesOnCareersPage" time="16.560"/>
</testsuite> <!-- TestCase -->
