<?xml version="1.0" encoding="UTF-8"?>
<!-- Generated by org.testng.reporters.JUnitReportReporter -->
<testsuite hostname="AdnanAashiq.local" failures="0" tests="1" name="CitiesNamesVerification" time="17.184" errors="0" timestamp="22 Sept 2024 12:32:55 GMT" skipped="0">
  <testcase classname="CitiesNamesVerification" name="verifyCitiesOnCareersPage" time="17.184"/>
</testsuite> <!-- CitiesNamesVerification -->
