<?xml version="1.0" encoding="UTF-8"?>
<!-- Generated by org.testng.reporters.JUnitReportReporter -->
<testsuite hostname="AdnanAashiq.local" failures="0" tests="1" name="OpenRolesOfficeLocationsVerification" time="18.532" errors="0" timestamp="22 Sept 2024 12:58:07 GMT" skipped="0">
  <testcase classname="OpenRolesOfficeLocationsVerification" name="verifyCitiesOnCareersPage" time="18.532"/>
</testsuite> <!-- OpenRolesOfficeLocationsVerification -->
