<?xml version="1.0" encoding="UTF-8"?>
<!-- Generated by org.testng.reporters.JUnitReportReporter -->
<testsuite hostname="AdnanAashiq.local" failures="0" tests="1" name="tests.TestCase" time="17.260" errors="0" timestamp="22 Sept 2024 11:55:04 GMT" skipped="0">
  <testcase classname="tests.TestCase" name="verifyCitiesOnCareersPage" time="17.260"/>
</testsuite> <!-- tests.TestCase -->
