<?xml version="1.0" encoding="UTF-8"?>
<!-- Generated by org.testng.reporters.JUnitReportReporter -->
<testsuite hostname="AdnanAashiq.local" failures="0" tests="1" name="tests.homepage.MyBusiness" time="87.108" errors="0" timestamp="2024-09-24T23:44:41 PKT" skipped="0">
  <testcase classname="tests.homepage.MyBusiness" name="verifyGuidanceContent" time="87.108"/>
</testsuite> <!-- tests.homepage.MyBusiness -->
