<?xml version="1.0" encoding="UTF-8"?>
<!-- Generated by org.testng.reporters.JUnitReportReporter -->
<testsuite hostname="AdnanAashiq.local" failures="0" tests="1" name="tests.careerpage.OpenRolesOfficeLocationsVerification" time="23.352" errors="0" timestamp="2024-09-24T23:44:41 PKT" skipped="0">
  <testcase classname="tests.careerpage.OpenRolesOfficeLocationsVerification" name="verifyOpenRolesLocationFilter" time="23.352"/>
</testsuite> <!-- tests.careerpage.OpenRolesOfficeLocationsVerification -->
