<?xml version="1.0" encoding="UTF-8"?>
<!-- Generated by org.testng.reporters.JUnitReportReporter -->
<testsuite hostname="AdnanAashiq.local" failures="0" tests="1" name="tests.careerpage.CitiesNamesVerification" time="24.312" errors="0" timestamp="2024-09-25T12:39:49 PKT" skipped="0">
  <testcase classname="tests.careerpage.CitiesNamesVerification" name="verifyCitiesOnCareersPage" time="24.312"/>
</testsuite> <!-- tests.careerpage.CitiesNamesVerification -->
